<?xml version="1.0" encoding="UTF-8"?>
<!-- Generated by org.testng.reporters.JUnitReportReporter -->
<testsuite hostname="DESKTOP-9RJ5S8R" failures="0" tests="1" name="test.ExtensionTest$LoginPageTest" time="200.948" errors="0" timestamp="2024-05-24T18:14:22 IST" skipped="0">
  <testcase classname="test.ExtensionTest$LoginPageTest" name="verifyUpdateExtension" time="200.948"/>
</testsuite> <!-- test.ExtensionTest$LoginPageTest -->
